This is pdfTeX, Version 3.141592653-2.6-1.40.25 (TeX Live 2023) (preloaded format=pdflatex 2023.11.14)  1 AUG 2024 23:20
entering extended mode
 restricted \write18 enabled.
 file:line:error style messages enabled.
 %&-line parsing enabled.
**/Users/alexis/Library/CloudStorage/OneDrive-Balayre&Co/Cranfield/Thesis/thesis-github-repository/report/425500_Thesis_Report.tex
(/Users/alexis/Library/CloudStorage/OneDrive-Balayre&Co/Cranfield/Thesis/thesis-github-repository/report/425500_Thesis_Report.tex
LaTeX2e <2022-11-01> patch level 1
L3 programming layer <2023-02-22> (/usr/local/texlive/2023/texmf-dist/tex/latex/base/book.cls
Document Class: book 2022/07/02 v1.4n Standard LaTeX document class
(/usr/local/texlive/2023/texmf-dist/tex/latex/base/bk12.clo
File: bk12.clo 2022/07/02 v1.4n Standard LaTeX file (size option)
)
\c@part=\count185
\c@chapter=\count186
\c@section=\count187
\c@subsection=\count188
\c@subsubsection=\count189
\c@paragraph=\count190
\c@subparagraph=\count191
\c@figure=\count192
\c@table=\count193
\abovecaptionskip=\skip48
\belowcaptionskip=\skip49
\bibindent=\dimen140
) (./cranfieldthesis.sty
Package: cranfieldthesis 2023/05/31 Shaun Forth's update of Daniel Auger's unofficial Cranfield thesis .sty file

cranfieldthesis.sty - unofficial Cranfield thesis style file.
 This file was prepared by Daniel Auger to help students wanting to use LaTeX.
 It does not have `official' endorsement, but it will probably be fine.
 The author is not able to offer support individual users, but if you are
 using LaTeX, you will probably not run into any problems you can't fix
 yourself.
 File was updated by Shaun Forth to permit easy use of CDS as a school, associate supervisors
(/usr/local/texlive/2023/texmf-dist/tex/latex/tocbibind/tocbibind.sty
Package: tocbibind 2010/10/13 v1.5k extra ToC listings
Package tocbibind Info: The document has chapter divisions on input line 50.


Package tocbibind Note: Using chapter style headings, unless overridden.

) (/usr/local/texlive/2023/texmf-dist/tex/latex/geometry/geometry.sty
Package: geometry 2020/01/02 v5.9 Page Geometry
 (/usr/local/texlive/2023/texmf-dist/tex/latex/graphics/keyval.sty
Package: keyval 2022/05/29 v1.15 key=value parser (DPC)
\KV@toks@=\toks16
) (/usr/local/texlive/2023/texmf-dist/tex/generic/iftex/ifvtex.sty
Package: ifvtex 2019/10/25 v1.7 ifvtex legacy package. Use iftex instead.
 (/usr/local/texlive/2023/texmf-dist/tex/generic/iftex/iftex.sty
Package: iftex 2022/02/03 v1.0f TeX engine tests
))
\Gm@cnth=\count194
\Gm@cntv=\count195
\c@Gm@tempcnt=\count196
\Gm@bindingoffset=\dimen141
\Gm@wd@mp=\dimen142
\Gm@odd@mp=\dimen143
\Gm@even@mp=\dimen144
\Gm@layoutwidth=\dimen145
\Gm@layoutheight=\dimen146
\Gm@layouthoffset=\dimen147
\Gm@layoutvoffset=\dimen148
\Gm@dimlist=\toks17
) (/usr/local/texlive/2023/texmf-dist/tex/latex/tools/calc.sty
Package: calc 2017/05/25 v4.3 Infix arithmetic (KKT,FJ)
\calc@Acount=\count197
\calc@Bcount=\count198
\calc@Adimen=\dimen149
\calc@Bdimen=\dimen150
\calc@Askip=\skip50
\calc@Bskip=\skip51
LaTeX Info: Redefining \setlength on input line 80.
LaTeX Info: Redefining \addtolength on input line 81.
\calc@Ccount=\count199
\calc@Cskip=\skip52
) (/usr/local/texlive/2023/texmf-dist/tex/latex/psnfss/mathptmx.sty
Package: mathptmx 2020/03/25 PSNFSS-v9.3 Times w/ Math, improved (SPQR, WaS) 
LaTeX Font Info:    Redeclaring symbol font `operators' on input line 28.
LaTeX Font Info:    Overwriting symbol font `operators' in version `normal'
(Font)                  OT1/cmr/m/n --> OT1/ztmcm/m/n on input line 28.
LaTeX Font Info:    Overwriting symbol font `operators' in version `bold'
(Font)                  OT1/cmr/bx/n --> OT1/ztmcm/m/n on input line 28.
LaTeX Font Info:    Redeclaring symbol font `letters' on input line 29.
LaTeX Font Info:    Overwriting symbol font `letters' in version `normal'
(Font)                  OML/cmm/m/it --> OML/ztmcm/m/it on input line 29.
LaTeX Font Info:    Overwriting symbol font `letters' in version `bold'
(Font)                  OML/cmm/b/it --> OML/ztmcm/m/it on input line 29.
LaTeX Font Info:    Redeclaring symbol font `symbols' on input line 30.
LaTeX Font Info:    Overwriting symbol font `symbols' in version `normal'
(Font)                  OMS/cmsy/m/n --> OMS/ztmcm/m/n on input line 30.
LaTeX Font Info:    Overwriting symbol font `symbols' in version `bold'
(Font)                  OMS/cmsy/b/n --> OMS/ztmcm/m/n on input line 30.
LaTeX Font Info:    Redeclaring symbol font `largesymbols' on input line 31.
LaTeX Font Info:    Overwriting symbol font `largesymbols' in version `normal'
(Font)                  OMX/cmex/m/n --> OMX/ztmcm/m/n on input line 31.
LaTeX Font Info:    Overwriting symbol font `largesymbols' in version `bold'
(Font)                  OMX/cmex/m/n --> OMX/ztmcm/m/n on input line 31.
\symbold=\mathgroup4
\symitalic=\mathgroup5
LaTeX Font Info:    Redeclaring math alphabet \mathbf on input line 34.
LaTeX Font Info:    Overwriting math alphabet `\mathbf' in version `normal'
(Font)                  OT1/cmr/bx/n --> OT1/ptm/bx/n on input line 34.
LaTeX Font Info:    Overwriting math alphabet `\mathbf' in version `bold'
(Font)                  OT1/cmr/bx/n --> OT1/ptm/bx/n on input line 34.
LaTeX Font Info:    Redeclaring math alphabet \mathit on input line 35.
LaTeX Font Info:    Overwriting math alphabet `\mathit' in version `normal'
(Font)                  OT1/cmr/m/it --> OT1/ptm/m/it on input line 35.
LaTeX Font Info:    Overwriting math alphabet `\mathit' in version `bold'
(Font)                  OT1/cmr/bx/it --> OT1/ptm/m/it on input line 35.
LaTeX Info: Redefining \hbar on input line 50.
) (/usr/local/texlive/2023/texmf-dist/tex/latex/setspace/setspace.sty
Package: setspace 2022/12/04 v6.7b set line spacing
) (/usr/local/texlive/2023/texmf-dist/tex/latex/psnfss/helvet.sty
Package: helvet 2020/03/25 PSNFSS-v9.3 (WaS) 
) (/usr/local/texlive/2023/texmf-dist/tex/latex/graphics/graphicx.sty
Package: graphicx 2021/09/16 v1.2d Enhanced LaTeX Graphics (DPC,SPQR)
 (/usr/local/texlive/2023/texmf-dist/tex/latex/graphics/graphics.sty
Package: graphics 2022/03/10 v1.4e Standard LaTeX Graphics (DPC,SPQR)
 (/usr/local/texlive/2023/texmf-dist/tex/latex/graphics/trig.sty
Package: trig 2021/08/11 v1.11 sin cos tan (DPC)
) (/usr/local/texlive/2023/texmf-dist/tex/latex/graphics-cfg/graphics.cfg
File: graphics.cfg 2016/06/04 v1.11 sample graphics configuration
)
Package graphics Info: Driver file: pdftex.def on input line 107.
 (/usr/local/texlive/2023/texmf-dist/tex/latex/graphics-def/pdftex.def
File: pdftex.def 2022/09/22 v1.2b Graphics/color driver for pdftex
))
\Gin@req@height=\dimen151
\Gin@req@width=\dimen152
) (/usr/local/texlive/2023/texmf-dist/tex/latex/tools/array.sty
Package: array 2022/09/04 v2.5g Tabular extension package (FMi)
\col@sep=\dimen153
\ar@mcellbox=\box51
\extrarowheight=\dimen154
\NC@list=\toks18
\extratabsurround=\skip53
\backup@length=\skip54
\ar@cellbox=\box52
) (/usr/local/texlive/2023/texmf-dist/tex/latex/url/url.sty
\Urlmuskip=\muskip16
Package: url 2013/09/16  ver 3.4  Verb mode for urls, etc.
) (/usr/local/texlive/2023/texmf-dist/tex/latex/hyperref/hyperref.sty
Package: hyperref 2023-02-07 v7.00v Hypertext links for LaTeX
 (/usr/local/texlive/2023/texmf-dist/tex/generic/ltxcmds/ltxcmds.sty
Package: ltxcmds 2020-05-10 v1.25 LaTeX kernel commands for general use (HO)
) (/usr/local/texlive/2023/texmf-dist/tex/generic/pdftexcmds/pdftexcmds.sty
Package: pdftexcmds 2020-06-27 v0.33 Utility functions of pdfTeX for LuaTeX (HO)
 (/usr/local/texlive/2023/texmf-dist/tex/generic/infwarerr/infwarerr.sty
Package: infwarerr 2019/12/03 v1.5 Providing info/warning/error messages (HO)
)
Package pdftexcmds Info: \pdf@primitive is available.
Package pdftexcmds Info: \pdf@ifprimitive is available.
Package pdftexcmds Info: \pdfdraftmode found.
) (/usr/local/texlive/2023/texmf-dist/tex/latex/kvsetkeys/kvsetkeys.sty
Package: kvsetkeys 2022-10-05 v1.19 Key value parser (HO)
) (/usr/local/texlive/2023/texmf-dist/tex/generic/kvdefinekeys/kvdefinekeys.sty
Package: kvdefinekeys 2019-12-19 v1.6 Define keys (HO)
) (/usr/local/texlive/2023/texmf-dist/tex/generic/pdfescape/pdfescape.sty
Package: pdfescape 2019/12/09 v1.15 Implements pdfTeX's escape features (HO)
) (/usr/local/texlive/2023/texmf-dist/tex/latex/hycolor/hycolor.sty
Package: hycolor 2020-01-27 v1.10 Color options for hyperref/bookmark (HO)
) (/usr/local/texlive/2023/texmf-dist/tex/latex/letltxmacro/letltxmacro.sty
Package: letltxmacro 2019/12/03 v1.6 Let assignment for LaTeX macros (HO)
) (/usr/local/texlive/2023/texmf-dist/tex/latex/auxhook/auxhook.sty
Package: auxhook 2019-12-17 v1.6 Hooks for auxiliary files (HO)
) (/usr/local/texlive/2023/texmf-dist/tex/latex/hyperref/nameref.sty
Package: nameref 2022-05-17 v2.50 Cross-referencing by name of section
 (/usr/local/texlive/2023/texmf-dist/tex/latex/refcount/refcount.sty
Package: refcount 2019/12/15 v3.6 Data extraction from label references (HO)
) (/usr/local/texlive/2023/texmf-dist/tex/generic/gettitlestring/gettitlestring.sty
Package: gettitlestring 2019/12/15 v1.6 Cleanup title references (HO)
 (/usr/local/texlive/2023/texmf-dist/tex/latex/kvoptions/kvoptions.sty
Package: kvoptions 2022-06-15 v3.15 Key value format for package options (HO)
))
\c@section@level=\count266
)
\@linkdim=\dimen155
\Hy@linkcounter=\count267
\Hy@pagecounter=\count268
 (/usr/local/texlive/2023/texmf-dist/tex/latex/hyperref/pd1enc.def
File: pd1enc.def 2023-02-07 v7.00v Hyperref: PDFDocEncoding definition (HO)
Now handling font encoding PD1 ...
... no UTF-8 mapping file for font encoding PD1
) (/usr/local/texlive/2023/texmf-dist/tex/generic/intcalc/intcalc.sty
Package: intcalc 2019/12/15 v1.3 Expandable calculations with integers (HO)
) (/usr/local/texlive/2023/texmf-dist/tex/generic/etexcmds/etexcmds.sty
Package: etexcmds 2019/12/15 v1.7 Avoid name clashes with e-TeX commands (HO)
)
\Hy@SavedSpaceFactor=\count269
 (/usr/local/texlive/2023/texmf-dist/tex/latex/hyperref/puenc.def
File: puenc.def 2023-02-07 v7.00v Hyperref: PDF Unicode definition (HO)
Now handling font encoding PU ...
... no UTF-8 mapping file for font encoding PU
)
Package hyperref Info: Option `bookmarksnumbered' set `true' on input line 4060.
Package hyperref Info: Hyper figures OFF on input line 4177.
Package hyperref Info: Link nesting OFF on input line 4182.
Package hyperref Info: Hyper index ON on input line 4185.
Package hyperref Info: Plain pages OFF on input line 4192.
Package hyperref Info: Backreferencing OFF on input line 4197.
Package hyperref Info: Implicit mode ON; LaTeX internals redefined.
Package hyperref Info: Bookmarks ON on input line 4425.
\c@Hy@tempcnt=\count270
LaTeX Info: Redefining \url on input line 4763.
\XeTeXLinkMargin=\dimen156
 (/usr/local/texlive/2023/texmf-dist/tex/generic/bitset/bitset.sty
Package: bitset 2019/12/09 v1.3 Handle bit-vector datatype (HO)
 (/usr/local/texlive/2023/texmf-dist/tex/generic/bigintcalc/bigintcalc.sty
Package: bigintcalc 2019/12/15 v1.5 Expandable calculations on big integers (HO)
))
\Fld@menulength=\count271
\Field@Width=\dimen157
\Fld@charsize=\dimen158
Package hyperref Info: Hyper figures OFF on input line 6042.
Package hyperref Info: Link nesting OFF on input line 6047.
Package hyperref Info: Hyper index ON on input line 6050.
Package hyperref Info: backreferencing OFF on input line 6057.
Package hyperref Info: Link coloring OFF on input line 6062.
Package hyperref Info: Link coloring with OCG OFF on input line 6067.
Package hyperref Info: PDF/A mode OFF on input line 6072.
 (/usr/local/texlive/2023/texmf-dist/tex/latex/base/atbegshi-ltx.sty
Package: atbegshi-ltx 2021/01/10 v1.0c Emulation of the original atbegshi
package with kernel methods
)
\Hy@abspage=\count272
\c@Item=\count273
\c@Hfootnote=\count274
)
Package hyperref Info: Driver (autodetected): hpdftex.
 (/usr/local/texlive/2023/texmf-dist/tex/latex/hyperref/hpdftex.def
File: hpdftex.def 2023-02-07 v7.00v Hyperref driver for pdfTeX
 (/usr/local/texlive/2023/texmf-dist/tex/latex/base/atveryend-ltx.sty
Package: atveryend-ltx 2020/08/19 v1.0a Emulation of the original atveryend package
with kernel methods
)
\Fld@listcount=\count275
\c@bookmark@seq@number=\count276
 (/usr/local/texlive/2023/texmf-dist/tex/latex/rerunfilecheck/rerunfilecheck.sty
Package: rerunfilecheck 2022-07-10 v1.10 Rerun checks for auxiliary files (HO)
 (/usr/local/texlive/2023/texmf-dist/tex/generic/uniquecounter/uniquecounter.sty
Package: uniquecounter 2019/12/15 v1.4 Provide unlimited unique counter (HO)
)
Package uniquecounter Info: New unique counter `rerunfilecheck' on input line 285.
)
\Hy@SectionHShift=\skip55
) (/usr/local/texlive/2023/texmf-dist/tex/latex/fancyhdr/fancyhdr.sty
Package: fancyhdr 2022/11/09 v4.1 Extensive control of page headers and footers
\f@nch@headwidth=\skip56
\f@nch@O@elh=\skip57
\f@nch@O@erh=\skip58
\f@nch@O@olh=\skip59
\f@nch@O@orh=\skip60
\f@nch@O@elf=\skip61
\f@nch@O@erf=\skip62
\f@nch@O@olf=\skip63
\f@nch@O@orf=\skip64
)) (/usr/local/texlive/2023/texmf-dist/tex/latex/graphics/lscape.sty
Package: lscape 2020/05/28 v3.02 Landscape Pages (DPC)
) (/usr/local/texlive/2023/texmf-dist/tex/latex/amsmath/amsmath.sty
Package: amsmath 2022/04/08 v2.17n AMS math features
\@mathmargin=\skip65

For additional information on amsmath, use the `?' option.
(/usr/local/texlive/2023/texmf-dist/tex/latex/amsmath/amstext.sty
Package: amstext 2021/08/26 v2.01 AMS text
 (/usr/local/texlive/2023/texmf-dist/tex/latex/amsmath/amsgen.sty
File: amsgen.sty 1999/11/30 v2.0 generic functions
\@emptytoks=\toks19
\ex@=\dimen159
)) (/usr/local/texlive/2023/texmf-dist/tex/latex/amsmath/amsbsy.sty
Package: amsbsy 1999/11/29 v1.2d Bold Symbols
\pmbraise@=\dimen160
) (/usr/local/texlive/2023/texmf-dist/tex/latex/amsmath/amsopn.sty
Package: amsopn 2022/04/08 v2.04 operator names
)
\inf@bad=\count277
LaTeX Info: Redefining \frac on input line 234.
\uproot@=\count278
\leftroot@=\count279
LaTeX Info: Redefining \overline on input line 399.
LaTeX Info: Redefining \colon on input line 410.
\classnum@=\count280
\DOTSCASE@=\count281
LaTeX Info: Redefining \ldots on input line 496.
LaTeX Info: Redefining \dots on input line 499.
LaTeX Info: Redefining \cdots on input line 620.
\Mathstrutbox@=\box53
\strutbox@=\box54
LaTeX Info: Redefining \big on input line 722.
LaTeX Info: Redefining \Big on input line 723.
LaTeX Info: Redefining \bigg on input line 724.
LaTeX Info: Redefining \Bigg on input line 725.
\big@size=\dimen161
LaTeX Font Info:    Redeclaring font encoding OML on input line 743.
LaTeX Font Info:    Redeclaring font encoding OMS on input line 744.
\macc@depth=\count282
LaTeX Info: Redefining \bmod on input line 905.
LaTeX Info: Redefining \pmod on input line 910.
LaTeX Info: Redefining \smash on input line 940.
LaTeX Info: Redefining \relbar on input line 970.
LaTeX Info: Redefining \Relbar on input line 971.
\c@MaxMatrixCols=\count283
\dotsspace@=\muskip17
\c@parentequation=\count284
\dspbrk@lvl=\count285
\tag@help=\toks20
\row@=\count286
\column@=\count287
\maxfields@=\count288
\andhelp@=\toks21
\eqnshift@=\dimen162
\alignsep@=\dimen163
\tagshift@=\dimen164
\tagwidth@=\dimen165
\totwidth@=\dimen166
\lineht@=\dimen167
\@envbody=\toks22
\multlinegap=\skip66
\multlinetaggap=\skip67
\mathdisplay@stack=\toks23
LaTeX Info: Redefining \[ on input line 2953.
LaTeX Info: Redefining \] on input line 2954.
) (/usr/local/texlive/2023/texmf-dist/tex/latex/enumitem/enumitem.sty
Package: enumitem 2019/06/20 v3.9 Customized lists
\labelindent=\skip68
\enit@outerparindent=\dimen168
\enit@toks=\toks24
\enit@inbox=\box55
\enit@count@id=\count289
\enitdp@description=\count290
) (/usr/local/texlive/2023/texmf-dist/tex/latex/changepage/changepage.sty
Package: changepage 2009/10/20 v1.0c check page and change page layout
\c@cp@cntr=\count291
\cp@tempcnt=\count292
) (/usr/local/texlive/2023/texmf-dist/tex/latex/pdfpages/pdfpages.sty
Package: pdfpages 2022/12/19 v0.5x Insert pages of external PDF documents (AM)
 (/usr/local/texlive/2023/texmf-dist/tex/latex/base/ifthen.sty
Package: ifthen 2022/04/13 v1.1d Standard LaTeX ifthen package (DPC)
) (/usr/local/texlive/2023/texmf-dist/tex/latex/eso-pic/eso-pic.sty
Package: eso-pic 2020/10/14 v3.0a eso-pic (RN)
\ESO@tempdima=\dimen169
\ESO@tempdimb=\dimen170
 (/usr/local/texlive/2023/texmf-dist/tex/latex/xcolor/xcolor.sty
Package: xcolor 2022/06/12 v2.14 LaTeX color extensions (UK)
 (/usr/local/texlive/2023/texmf-dist/tex/latex/graphics-cfg/color.cfg
File: color.cfg 2016/01/02 v1.6 sample color configuration
)
Package xcolor Info: Driver file: pdftex.def on input line 227.
 (/usr/local/texlive/2023/texmf-dist/tex/latex/graphics/mathcolor.ltx)
Package xcolor Info: Model `cmy' substituted by `cmy0' on input line 1353.
Package xcolor Info: Model `hsb' substituted by `rgb' on input line 1357.
Package xcolor Info: Model `RGB' extended on input line 1369.
Package xcolor Info: Model `HTML' substituted by `rgb' on input line 1371.
Package xcolor Info: Model `Hsb' substituted by `hsb' on input line 1372.
Package xcolor Info: Model `tHsb' substituted by `hsb' on input line 1373.
Package xcolor Info: Model `HSB' substituted by `hsb' on input line 1374.
Package xcolor Info: Model `Gray' substituted by `gray' on input line 1375.
Package xcolor Info: Model `wave' substituted by `hsb' on input line 1376.
))
\AM@pagewidth=\dimen171
\AM@pageheight=\dimen172
\AM@fboxrule=\dimen173
 (/usr/local/texlive/2023/texmf-dist/tex/latex/pdfpages/pppdftex.def
File: pppdftex.def 2022/12/19 v0.5x Pdfpages driver for pdfTeX (AM)
)
\pdfpages@includegraphics@status=\count293
\AM@pagebox=\box56
\AM@global@opts=\toks25
\AM@pagecnt=\count294
\AM@toc@title=\toks26
\AM@lof@heading=\toks27
\c@AM@survey=\count295
\AM@templatesizebox=\box57
) (/usr/local/texlive/2023/texmf-dist/tex/latex/blindtext/blindtext.sty
Package: blindtext 2012/01/06 V2.0 blindtext-Package
 (/usr/local/texlive/2023/texmf-dist/tex/latex/tools/xspace.sty
Package: xspace 2014/10/28 v1.13 Space after command names (DPC,MH)
)
\c@blindtext=\count296
\c@Blindtext=\count297
\c@blind@countparstart=\count298
\blind@countxx=\count299
\blindtext@numBlindtext=\count300
\blind@countyy=\count301
\c@blindlist=\count302
\c@blindlistlevel=\count303
\c@blindlist@level=\count304
\blind@listitem=\count305
\c@blind@listcount=\count306
\c@blind@levelcount=\count307
\blind@mathformula=\count308
\blind@Mathformula=\count309
\c@blind@randomcount=\count310
\c@blind@randommax=\count311
\c@blind@pangramcount=\count312
\c@blind@pangrammax=\count313
) (/usr/local/texlive/2023/texmf-dist/tex/latex/algorithms/algorithm.sty
Package: algorithm 2009/08/24 v0.1 Document Style `algorithm' - floating environment
 (/usr/local/texlive/2023/texmf-dist/tex/latex/float/float.sty
Package: float 2001/11/08 v1.3d Float enhancements (AL)
\c@float@type=\count314
\float@exts=\toks28
\float@box=\box58
\@float@everytoks=\toks29
\@floatcapt=\box59
)
\@float@every@algorithm=\toks30
\c@algorithm=\count315
) (/usr/local/texlive/2023/texmf-dist/tex/latex/algorithmicx/algpseudocode.sty
Package: algpseudocode 
 (/usr/local/texlive/2023/texmf-dist/tex/latex/algorithmicx/algorithmicx.sty
Package: algorithmicx 2005/04/27 v1.2 Algorithmicx

Document Style algorithmicx 1.2 - a greatly improved `algorithmic' style
\c@ALG@line=\count316
\c@ALG@rem=\count317
\c@ALG@nested=\count318
\ALG@tlm=\skip69
\ALG@thistlm=\skip70
\c@ALG@Lnr=\count319
\c@ALG@blocknr=\count320
\c@ALG@storecount=\count321
\c@ALG@tmpcounter=\count322
\ALG@tmplength=\skip71
)
Document Style - pseudocode environments for use with the `algorithmicx' style
) (/usr/local/texlive/2023/texmf-dist/tex/latex/amsfonts/amssymb.sty
Package: amssymb 2013/01/14 v3.01 AMS font symbols
 (/usr/local/texlive/2023/texmf-dist/tex/latex/amsfonts/amsfonts.sty
Package: amsfonts 2013/01/14 v3.01 Basic AMSFonts support
\symAMSa=\mathgroup6
\symAMSb=\mathgroup7
LaTeX Font Info:    Overwriting math alphabet `\mathfrak' in version `bold'
(Font)                  U/euf/m/n --> U/euf/b/n on input line 106.
)) (/usr/local/texlive/2023/texmf-dist/tex/latex/mathtools/mathtools.sty
Package: mathtools 2022/06/29 v1.29 mathematical typesetting tools
 (/usr/local/texlive/2023/texmf-dist/tex/latex/mathtools/mhsetup.sty
Package: mhsetup 2021/03/18 v1.4 programming setup (MH)
)
\g_MT_multlinerow_int=\count323
\l_MT_multwidth_dim=\dimen174
\origjot=\skip72
\l_MT_shortvdotswithinadjustabove_dim=\dimen175
\l_MT_shortvdotswithinadjustbelow_dim=\dimen176
\l_MT_above_intertext_sep=\dimen177
\l_MT_below_intertext_sep=\dimen178
\l_MT_above_shortintertext_sep=\dimen179
\l_MT_below_shortintertext_sep=\dimen180
\xmathstrut@box=\box60
\xmathstrut@dim=\dimen181
) (/usr/local/texlive/2023/texmf-dist/tex/latex/adjustbox/adjustbox.sty
Package: adjustbox 2022/10/17 v1.3a Adjusting TeX boxes (trim, clip, ...)
 (/usr/local/texlive/2023/texmf-dist/tex/latex/xkeyval/xkeyval.sty
Package: xkeyval 2022/06/16 v2.9 package option processing (HA)
 (/usr/local/texlive/2023/texmf-dist/tex/generic/xkeyval/xkeyval.tex (/usr/local/texlive/2023/texmf-dist/tex/generic/xkeyval/xkvutils.tex
\XKV@toks=\toks31
\XKV@tempa@toks=\toks32
)
\XKV@depth=\count324
File: xkeyval.tex 2014/12/03 v2.7a key=value parser (HA)
)) (/usr/local/texlive/2023/texmf-dist/tex/latex/adjustbox/adjcalc.sty
Package: adjcalc 2012/05/16 v1.1 Provides advanced setlength with multiple back-ends (calc, etex, pgfmath)
) (/usr/local/texlive/2023/texmf-dist/tex/latex/adjustbox/trimclip.sty
Package: trimclip 2020/08/19 v1.2 Trim and clip general TeX material
 (/usr/local/texlive/2023/texmf-dist/tex/latex/collectbox/collectbox.sty
Package: collectbox 2022/10/17 v0.4c Collect macro arguments as boxes
\collectedbox=\box61
)
\tc@llx=\dimen182
\tc@lly=\dimen183
\tc@urx=\dimen184
\tc@ury=\dimen185
Package trimclip Info: Using driver 'tc-pdftex.def'.
 (/usr/local/texlive/2023/texmf-dist/tex/latex/adjustbox/tc-pdftex.def
File: tc-pdftex.def 2019/01/04 v2.2 Clipping driver for pdftex
))
\adjbox@Width=\dimen186
\adjbox@Height=\dimen187
\adjbox@Depth=\dimen188
\adjbox@Totalheight=\dimen189
\adjbox@pwidth=\dimen190
\adjbox@pheight=\dimen191
\adjbox@pdepth=\dimen192
\adjbox@ptotalheight=\dimen193
 (/usr/local/texlive/2023/texmf-dist/tex/latex/ifoddpage/ifoddpage.sty
Package: ifoddpage 2022/10/18 v1.2 Conditionals for odd/even page detection
\c@checkoddpage=\count325
LaTeX Info: Redefining \checkoddpage on input line 45.
) (/usr/local/texlive/2023/texmf-dist/tex/latex/varwidth/varwidth.sty
Package: varwidth 2009/03/30 ver 0.92;  Variable-width minipages
\@vwid@box=\box62
\sift@deathcycles=\count326
\@vwid@loff=\dimen194
\@vwid@roff=\dimen195
)) (/usr/local/texlive/2023/texmf-dist/tex/latex/lipsum/lipsum.sty (/usr/local/texlive/2023/texmf-dist/tex/latex/l3packages/l3keys2e/l3keys2e.sty (/usr/local/texlive/2023/texmf-dist/tex/latex/l3kernel/expl3.sty
Package: expl3 2023-02-22 L3 programming layer (loader) 
 (/usr/local/texlive/2023/texmf-dist/tex/latex/l3backend/l3backend-pdftex.def
File: l3backend-pdftex.def 2023-01-16 L3 backend support: PDF output (pdfTeX)
\l__color_backend_stack_int=\count327
\l__pdf_internal_box=\box63
))
Package: l3keys2e 2023-02-02 LaTeX2e option processing using LaTeX3 keys
)
Package: lipsum 2021-09-20 v2.7 150 paragraphs of Lorem Ipsum dummy text
\g__lipsum_par_int=\count328
\l__lipsum_a_int=\count329
\l__lipsum_b_int=\count330
 (/usr/local/texlive/2023/texmf-dist/tex/latex/lipsum/lipsum.ltd.tex)) (/usr/local/texlive/2023/texmf-dist/tex/latex/booktabs/booktabs.sty
Package: booktabs 2020/01/12 v1.61803398 Publication quality tables
\heavyrulewidth=\dimen196
\lightrulewidth=\dimen197
\cmidrulewidth=\dimen198
\belowrulesep=\dimen199
\belowbottomsep=\dimen256
\aboverulesep=\dimen257
\abovetopsep=\dimen258
\cmidrulesep=\dimen259
\cmidrulekern=\dimen260
\defaultaddspace=\dimen261
\@cmidla=\count331
\@cmidlb=\count332
\@aboverulesep=\dimen262
\@belowrulesep=\dimen263
\@thisruleclass=\count333
\@lastruleclass=\count334
\@thisrulewidth=\dimen264
) (/usr/local/texlive/2023/texmf-dist/tex/latex/siunitx/siunitx.sty
Package: siunitx 2023-03-04 v3.2.2 A comprehensive (SI) units package
\l__siunitx_angle_tmp_dim=\dimen265
\l__siunitx_angle_marker_box=\box64
\l__siunitx_angle_unit_box=\box65
\l__siunitx_compound_count_int=\count335
 (/usr/local/texlive/2023/texmf-dist/tex/latex/translations/translations.sty
Package: translations 2022/02/05 v1.12 internationalization of LaTeX2e packages (CN)
 (/usr/local/texlive/2023/texmf-dist/tex/latex/etoolbox/etoolbox.sty
Package: etoolbox 2020/10/05 v2.5k e-TeX tools for LaTeX (JAW)
\etb@tempcnta=\count336
))
\l__siunitx_number_exponent_fixed_int=\count337
\l__siunitx_number_min_decimal_int=\count338
\l__siunitx_number_min_integer_int=\count339
\l__siunitx_number_round_precision_int=\count340
\l__siunitx_number_lower_threshold_int=\count341
\l__siunitx_number_upper_threshold_int=\count342
\l__siunitx_number_group_first_int=\count343
\l__siunitx_number_group_size_int=\count344
\l__siunitx_number_group_minimum_int=\count345
\l__siunitx_table_tmp_box=\box66
\l__siunitx_table_tmp_dim=\dimen266
\l__siunitx_table_column_width_dim=\dimen267
\l__siunitx_table_integer_box=\box67
\l__siunitx_table_decimal_box=\box68
\l__siunitx_table_uncert_box=\box69
\l__siunitx_table_before_box=\box70
\l__siunitx_table_after_box=\box71
\l__siunitx_table_before_dim=\dimen268
\l__siunitx_table_carry_dim=\dimen269
\l__siunitx_unit_tmp_int=\count346
\l__siunitx_unit_position_int=\count347
\l__siunitx_unit_total_int=\count348
) (/usr/local/texlive/2023/texmf-dist/tex/latex/tools/longtable.sty
Package: longtable 2021-09-01 v4.17 Multi-page Table package (DPC)
\LTleft=\skip73
\LTright=\skip74
\LTpre=\skip75
\LTpost=\skip76
\LTchunksize=\count349
\LTcapwidth=\dimen270
\LT@head=\box72
\LT@firsthead=\box73
\LT@foot=\box74
\LT@lastfoot=\box75
\LT@gbox=\box76
\LT@cols=\count350
\LT@rows=\count351
\c@LT@tables=\count352
\c@LT@chunks=\count353
\LT@p@ftn=\toks33
) (/usr/local/texlive/2023/texmf-dist/tex/latex/tools/tabularx.sty
Package: tabularx 2020/01/15 v2.11c `tabularx' package (DPC)
\TX@col@width=\dimen271
\TX@old@table=\dimen272
\TX@old@col=\dimen273
\TX@target=\dimen274
\TX@delta=\dimen275
\TX@cols=\count354
\TX@ftn=\toks34
) (/usr/local/texlive/2023/texmf-dist/tex/latex/listings/listings.sty
\lst@mode=\count355
\lst@gtempboxa=\box77
\lst@token=\toks35
\lst@length=\count356
\lst@currlwidth=\dimen276
\lst@column=\count357
\lst@pos=\count358
\lst@lostspace=\dimen277
\lst@width=\dimen278
\lst@newlines=\count359
\lst@lineno=\count360
\lst@maxwidth=\dimen279
 (/usr/local/texlive/2023/texmf-dist/tex/latex/listings/lstmisc.sty
File: lstmisc.sty 2023/02/27 1.9 (Carsten Heinz)
\c@lstnumber=\count361
\lst@skipnumbers=\count362
\lst@framebox=\box78
) (/usr/local/texlive/2023/texmf-dist/tex/latex/listings/listings.cfg
File: listings.cfg 2023/02/27 1.9 listings configuration
))
Package: listings 2023/02/27 1.9 (Carsten Heinz)
 (/usr/local/texlive/2023/texmf-dist/tex/latex/caption/caption.sty
Package: caption 2023/03/12 v3.6j Customizing captions (AR)
 (/usr/local/texlive/2023/texmf-dist/tex/latex/caption/caption3.sty
Package: caption3 2023/03/12 v2.4 caption3 kernel (AR)
\caption@tempdima=\dimen280
\captionmargin=\dimen281
\caption@leftmargin=\dimen282
\caption@rightmargin=\dimen283
\caption@width=\dimen284
\caption@indent=\dimen285
\caption@parindent=\dimen286
\caption@hangindent=\dimen287
Package caption Info: Standard document class detected.
)
\c@caption@flags=\count363
\c@continuedfloat=\count364
Package caption Info: changepage package is loaded.
\caption@adjustwidth@hsize=\dimen288
\caption@adjustwidth@linewidth=\dimen289
Package caption Info: float package is loaded.
Package caption Info: hyperref package is loaded.
Package caption Info: listings package is loaded.
Package caption Info: longtable package is loaded.
 (/usr/local/texlive/2023/texmf-dist/tex/latex/caption/ltcaption.sty
Package: ltcaption 2021/01/08 v1.4c longtable captions (AR)
)) (/usr/local/texlive/2023/texmf-dist/tex/latex/l3packages/xfrac/xfrac.sty (/usr/local/texlive/2023/texmf-dist/tex/latex/base/textcomp.sty
Package: textcomp 2020/02/02 v2.0n Standard LaTeX package
) (/usr/local/texlive/2023/texmf-dist/tex/latex/l3packages/xparse/xparse.sty
Package: xparse 2023-02-02 L3 Experimental document command parser
) (/usr/local/texlive/2023/texmf-dist/tex/latex/l3packages/xtemplate/xtemplate.sty
Package: xtemplate 2023-02-02 L3 Experimental prototype document functions
\l__xtemplate_tmp_dim=\dimen290
\l__xtemplate_tmp_int=\count365
\l__xtemplate_tmp_muskip=\muskip18
\l__xtemplate_tmp_skip=\skip77
)
Package: xfrac 2023-02-02 L3 Experimental split-level fractions
\l__xfrac_slash_box=\box79
\l__xfrac_tmp_box=\box80
\l__xfrac_denominator_bot_sep_dim=\dimen291
\l__xfrac_numerator_bot_sep_dim=\dimen292
\l__xfrac_numerator_top_sep_dim=\dimen293
\l__xfrac_slash_left_sep_dim=\dimen294
\l__xfrac_slash_right_sep_dim=\dimen295
\l__xfrac_slash_left_muskip=\muskip19
\l__xfrac_slash_right_muskip=\muskip20

Package xtemplate Info: Declaring object type 'xfrac' taking 3 argument(s) on
(xtemplate)             line 80.

) (/usr/local/texlive/2023/texmf-dist/tex/latex/tools/indentfirst.sty
Package: indentfirst 1995/11/23 v1.03 Indent first paragraph (DPC)
) (/usr/local/texlive/2023/texmf-dist/tex/latex/caption/subcaption.sty
Package: subcaption 2023/02/19 v1.6 Sub-captions (AR)
Package caption Info: New subtype `subfigure' on input line 239.
\c@subfigure=\count366
Package caption Info: New subtype `subtable' on input line 239.
\c@subtable=\count367
) (/usr/local/texlive/2023/texmf-dist/tex/latex/titlesec/titlesec.sty
Package: titlesec 2021/07/05 v2.14 Sectioning titles
\ttl@box=\box81
\beforetitleunit=\skip78
\aftertitleunit=\skip79
\ttl@plus=\dimen296
\ttl@minus=\dimen297
\ttl@toksa=\toks36
\titlewidth=\dimen298
\titlewidthlast=\dimen299
\titlewidthfirst=\dimen300
) (/usr/local/texlive/2023/texmf-dist/tex/latex/multirow/multirow.sty
Package: multirow 2021/03/15 v2.8 Span multiple rows of a table
\multirow@colwidth=\skip80
\multirow@cntb=\count368
\multirow@dima=\skip81
\bigstrutjot=\dimen301
)
Package hyperref Info: Option `colorlinks' set `true' on input line 53.
 (/usr/local/texlive/2023/texmf-dist/tex/latex/natbib/natbib.sty
Package: natbib 2010/09/13 8.31b (PWD, AO)
\bibhang=\skip82
\bibsep=\skip83
LaTeX Info: Redefining \cite on input line 694.
\c@NAT@ctr=\count369
)
Package translations Info: No language package found. I am going to use `english' as default language. on input line 80.
LaTeX Font Info:    Trying to load font information for OT1+ptm on input line 80.
 (/usr/local/texlive/2023/texmf-dist/tex/latex/psnfss/ot1ptm.fd
File: ot1ptm.fd 2001/06/04 font definitions for OT1/ptm.
) (./425500_Thesis_Report.aux

LaTeX Warning: Label `fig:test-2010' multiply defined.

)
\openout1 = `425500_Thesis_Report.aux'.

LaTeX Font Info:    Checking defaults for OML/cmm/m/it on input line 80.
LaTeX Font Info:    ... okay on input line 80.
LaTeX Font Info:    Checking defaults for OMS/cmsy/m/n on input line 80.
LaTeX Font Info:    ... okay on input line 80.
LaTeX Font Info:    Checking defaults for OT1/cmr/m/n on input line 80.
LaTeX Font Info:    ... okay on input line 80.
LaTeX Font Info:    Checking defaults for T1/cmr/m/n on input line 80.
LaTeX Font Info:    ... okay on input line 80.
LaTeX Font Info:    Checking defaults for TS1/cmr/m/n on input line 80.
LaTeX Font Info:    ... okay on input line 80.
LaTeX Font Info:    Checking defaults for OMX/cmex/m/n on input line 80.
LaTeX Font Info:    ... okay on input line 80.
LaTeX Font Info:    Checking defaults for U/cmr/m/n on input line 80.
LaTeX Font Info:    ... okay on input line 80.
LaTeX Font Info:    Checking defaults for PD1/pdf/m/n on input line 80.
LaTeX Font Info:    ... okay on input line 80.
LaTeX Font Info:    Checking defaults for PU/pdf/m/n on input line 80.
LaTeX Font Info:    ... okay on input line 80.

*geometry* driver: auto-detecting
*geometry* detected driver: pdftex
*geometry* verbose mode - [ preamble ] result:
* driver: pdftex
* paper: a4paper
* layout: <same size as paper>
* layoutoffset:(h,v)=(0.0pt,0.0pt)
* modes: 
* h-part:(L,W,R)=(72.26999pt, 452.9679pt, 72.26999pt)
* v-part:(T,H,B)=(72.26999pt, 700.50687pt, 72.26999pt)
* \paperwidth=597.50787pt
* \paperheight=845.04684pt
* \textwidth=452.9679pt
* \textheight=700.50687pt
* \oddsidemargin=0.0pt
* \evensidemargin=0.0pt
* \topmargin=-34.8738pt
* \headheight=15.0pt
* \headsep=19.8738pt
* \topskip=12.0pt
* \footskip=30.0pt
* \marginparwidth=47.0pt
* \marginparsep=7.0pt
* \columnsep=10.0pt
* \skip\footins=10.8pt plus 4.0pt minus 2.0pt
* \hoffset=0.0pt
* \voffset=0.0pt
* \mag=1000
* \@twocolumnfalse
* \@twosidefalse
* \@mparswitchfalse
* \@reversemarginfalse
* (1in=72.27pt=25.4mm, 1cm=28.453pt)

(/usr/local/texlive/2023/texmf-dist/tex/context/base/mkii/supp-pdf.mkii
[Loading MPS to PDF converter (version 2006.09.02).]
\scratchcounter=\count370
\scratchdimen=\dimen302
\scratchbox=\box82
\nofMPsegments=\count371
\nofMParguments=\count372
\everyMPshowfont=\toks37
\MPscratchCnt=\count373
\MPscratchDim=\dimen303
\MPnumerator=\count374
\makeMPintoPDFobject=\count375
\everyMPtoPDFconversion=\toks38
) (/usr/local/texlive/2023/texmf-dist/tex/latex/epstopdf-pkg/epstopdf-base.sty
Package: epstopdf-base 2020-01-24 v2.11 Base part for package epstopdf
 (/usr/local/texlive/2023/texmf-dist/tex/latex/grfext/grfext.sty
Package: grfext 2019/12/03 v1.3 Manage graphics extensions (HO)
)
Package epstopdf-base Info: Redefining graphics rule for `.eps' on input line 485.
Package grfext Info: Graphics extension search list:
(grfext)             [.pdf,.png,.jpg,.mps,.jpeg,.jbig2,.jb2,.PDF,.PNG,.JPG,.JPEG,.JBIG2,.JB2,.eps]
(grfext)             \AppendGraphicsExtensions on input line 504.
 (/usr/local/texlive/2023/texmf-dist/tex/latex/latexconfig/epstopdf-sys.cfg
File: epstopdf-sys.cfg 2010/07/13 v1.3 Configuration of (r)epstopdf for TeX Live
))
Package hyperref Info: Link coloring ON on input line 80.
 (./425500_Thesis_Report.out) (./425500_Thesis_Report.out)
\@outlinefile=\write3
\openout3 = `425500_Thesis_Report.out'.

 (/usr/local/texlive/2023/texmf-dist/tex/latex/pdflscape/pdflscape.sty
Package: pdflscape 2022-10-27 v0.13 Display of landscape pages in PDF
 (/usr/local/texlive/2023/texmf-dist/tex/latex/pdflscape/pdflscape-nometadata.sty
Package: pdflscape-nometadata 2022-10-28 v0.13 Display of landscape pages in PDF (HO)
Package pdflscape Info: Auto-detected driver: pdftex on input line 81.
)) (/usr/local/texlive/2023/texmf-dist/tex/latex/translations/translations-basic-dictionary-english.trsl
File: translations-basic-dictionary-english.trsl (english translation file `translations-basic-dictionary')
)
Package translations Info: loading dictionary `translations-basic-dictionary' for `english'. on input line 80.
\c@lstlisting=\count376
Package caption Info: Begin \AtBeginDocument code.
Package caption Info: End \AtBeginDocument code.
LaTeX Font Info:    Trying to load font information for OT1+ztmcm on input line 90.
 (/usr/local/texlive/2023/texmf-dist/tex/latex/psnfss/ot1ztmcm.fd
File: ot1ztmcm.fd 2000/01/03 Fontinst v1.801 font definitions for OT1/ztmcm.
)
LaTeX Font Info:    Trying to load font information for OML+ztmcm on input line 90.
 (/usr/local/texlive/2023/texmf-dist/tex/latex/psnfss/omlztmcm.fd
File: omlztmcm.fd 2000/01/03 Fontinst v1.801 font definitions for OML/ztmcm.
)
LaTeX Font Info:    Trying to load font information for OMS+ztmcm on input line 90.
 (/usr/local/texlive/2023/texmf-dist/tex/latex/psnfss/omsztmcm.fd
File: omsztmcm.fd 2000/01/03 Fontinst v1.801 font definitions for OMS/ztmcm.
)
LaTeX Font Info:    Trying to load font information for OMX+ztmcm on input line 90.
 (/usr/local/texlive/2023/texmf-dist/tex/latex/psnfss/omxztmcm.fd
File: omxztmcm.fd 2000/01/03 Fontinst v1.801 font definitions for OMX/ztmcm.
)
LaTeX Font Info:    Font shape `OT1/ptm/bx/n' in size <17.28> not available
(Font)              Font shape `OT1/ptm/b/n' tried instead on input line 90.
LaTeX Font Info:    Font shape `OT1/ptm/bx/n' in size <12> not available
(Font)              Font shape `OT1/ptm/b/n' tried instead on input line 90.
LaTeX Font Info:    Font shape `OT1/ptm/bx/n' in size <10> not available
(Font)              Font shape `OT1/ptm/b/n' tried instead on input line 90.
<CULogo.png, id=52, 125.268pt x 125.268pt>
File: CULogo.png Graphic file (type png)
<use CULogo.png>
Package pdftex.def Info: CULogo.png  used on input line 90.
(pdftex.def)             Requested size: 128.32176pt x 128.32214pt.
<logo-airbus.png, id=54, 289.08pt x 58.0569pt>
File: logo-airbus.png Graphic file (type png)
<use logo-airbus.png>
Package pdftex.def Info: logo-airbus.png  used on input line 90.
(pdftex.def)             Requested size: 128.32176pt x 25.771pt.
 [1



{/usr/local/texlive/2023/texmf-var/fonts/map/pdftex/updmap/pdftex.map}{/usr/local/texlive/2023/texmf-dist/fonts/enc/dvips/base/8r.enc} <./CULogo.png> <./logo-airbus.png>]
File: CULogo.png Graphic file (type png)
<use CULogo.png>
Package pdftex.def Info: CULogo.png  used on input line 90.
(pdftex.def)             Requested size: 128.32176pt x 128.32214pt.
File: logo-airbus.png Graphic file (type png)
<use logo-airbus.png>
Package pdftex.def Info: logo-airbus.png  used on input line 90.
(pdftex.def)             Requested size: 128.32176pt x 25.771pt.
LaTeX Font Info:    Trying to load font information for TS1+ptm on input line 90.
 (/usr/local/texlive/2023/texmf-dist/tex/latex/psnfss/ts1ptm.fd
File: ts1ptm.fd 2001/06/04 font definitions for TS1/ptm.
) [2

]
Underfull \hbox (badness 10000) in paragraph at lines 90--90

 []


pdfTeX warning (ext4): destination with the same identifier (name{page.i}) has been already used, duplicate ignored
<to be read again> 
                   \relax 
l.90 \maketitle
                [1

] (./425500_Thesis_Report.toc
LaTeX Font Info:    Font shape `OT1/ptm/bx/n' in size <9> not available
(Font)              Font shape `OT1/ptm/b/n' tried instead on input line 7.
LaTeX Font Info:    Font shape `OT1/ptm/bx/n' in size <7> not available
(Font)              Font shape `OT1/ptm/b/n' tried instead on input line 7.

pdfTeX warning (ext4): destination with the same identifier (name{page.ii}) has been already used, duplicate ignored
<to be read again> 
                   \relax 
l.34 ...ine {3.2.2}Decoders}{33}{subsection.3.2.2}
                                                  % [2



])
\tf@toc=\write4
\openout4 = `425500_Thesis_Report.toc'.

 [3] (./425500_Thesis_Report.lof [4


]
Overfull \hbox (57.05159pt too wide) in paragraph at lines 36--36
 [][] [][][]\OT1/ptm/m/n/12 Temporal anal-y-sis of dif-fer-ent met-rics for the re-fu-el-ing port in the \OT1/ptm/m/it/12 test[]video[]lab[]platform[]6 
 []


Overfull \hbox (57.05159pt too wide) in paragraph at lines 37--37
 [][] [][][]\OT1/ptm/m/n/12 Temporal anal-y-sis of dif-fer-ent met-rics for the re-fu-el-ing port in the \OT1/ptm/m/it/12 test[]video[]lab[]platform[]6 
 []

)
\tf@lof=\write5
\openout5 = `425500_Thesis_Report.lof'.

 [5] (./425500_Thesis_Report.lot)
\tf@lot=\write6
\openout6 = `425500_Thesis_Report.lot'.

 [6


] [7

]
Chapter 1.
<figures/pressure-refuelling.jpeg, id=351, 2208.25pt x 1472.50125pt>
File: figures/pressure-refuelling.jpeg Graphic file (type jpg)
<use figures/pressure-refuelling.jpeg>
Package pdftex.def Info: figures/pressure-refuelling.jpeg  used on input line 189.
(pdftex.def)             Requested size: 226.48395pt x 151.01099pt.
[1


 <./figures/pressure-refuelling.jpeg>]
<figures/image_hard_2.jpg, id=362, 642.4pt x 481.8pt>
File: figures/image_hard_2.jpg Graphic file (type jpg)
<use figures/image_hard_2.jpg>
Package pdftex.def Info: figures/image_hard_2.jpg  used on input line 225.
(pdftex.def)             Requested size: 135.8882pt x 95.1232pt.
<figures/image_hard_4.jpg, id=363, 504.88625pt x 322.20375pt>
File: figures/image_hard_4.jpg Graphic file (type jpg)
<use figures/image_hard_4.jpg>
Package pdftex.def Info: figures/image_hard_4.jpg  used on input line 230.
(pdftex.def)             Requested size: 135.88968pt x 95.12302pt.
<figures/image_hard_3.jpg, id=364, 642.4pt x 481.8pt>
File: figures/image_hard_3.jpg Graphic file (type jpg)
<use figures/image_hard_3.jpg>
Package pdftex.def Info: figures/image_hard_3.jpg  used on input line 235.
(pdftex.def)             Requested size: 135.8882pt x 95.1232pt.
 [2 <./figures/image_hard_2.jpg> <./figures/image_hard_4.jpg> <./figures/image_hard_3.jpg>] [3]
Chapter 2.
<figures/test_2010.jpeg, id=387, 1027.84pt x 662.475pt>
File: figures/test_2010.jpeg Graphic file (type jpg)
<use figures/test_2010.jpeg>
Package pdftex.def Info: figures/test_2010.jpeg  used on input line 335.
(pdftex.def)             Requested size: 271.7835pt x 175.17091pt.
[4

 <./figures/test_2010.jpeg>]
<figures/test_2017.jpg, id=399, 4119.39pt x 2746.26pt>
File: figures/test_2017.jpg Graphic file (type jpg)
<use figures/test_2017.jpg>
Package pdftex.def Info: figures/test_2017.jpg  used on input line 357.
(pdftex.def)             Requested size: 226.48395pt x 150.9819pt.
<figures/test_2020_2.png, id=404, 1333.98375pt x 804.00375pt>
File: figures/test_2020_2.png Graphic file (type png)
<use figures/test_2020_2.png>
Package pdftex.def Info: figures/test_2020_2.png  used on input line 379.
(pdftex.def)             Requested size: 203.83423pt x 138.60492pt.
<figures/test_2020_3.jpg, id=405, 903.375pt x 474.27188pt>
File: figures/test_2020_3.jpg Graphic file (type jpg)
<use figures/test_2020_3.jpg>
Package pdftex.def Info: figures/test_2020_3.jpg  used on input line 384.
(pdftex.def)             Requested size: 203.82954pt x 138.60637pt.
 [5 <./figures/test_2017.jpg> <./figures/test_2020_2.png> <./figures/test_2020_3.jpg>]
<figures/x-47brefueling.jpg, id=418, 903.375pt x 474.27188pt>
File: figures/x-47brefueling.jpg Graphic file (type jpg)
<use figures/x-47brefueling.jpg>
Package pdftex.def Info: figures/x-47brefueling.jpg  used on input line 416.
(pdftex.def)             Requested size: 226.48395pt x 118.90056pt.
<figures/detection_system_AAREKF.png, id=419, 433.62pt x 332.24126pt>
File: figures/detection_system_AAREKF.png Graphic file (type png)
<use figures/detection_system_AAREKF.png>
Package pdftex.def Info: figures/detection_system_AAREKF.png  used on input line 422.
(pdftex.def)             Requested size: 271.7835pt x 208.25354pt.
 [6 <./figures/x-47brefueling.jpg> <./figures/detection_system_AAREKF.png>]
<figures/AGRPoseKalman.png, id=431, 467.7475pt x 257.96375pt>
File: figures/AGRPoseKalman.png Graphic file (type png)
<use figures/AGRPoseKalman.png>
Package pdftex.def Info: figures/AGRPoseKalman.png  used on input line 442.
(pdftex.def)             Requested size: 203.83417pt x 112.41406pt.
<figures/AGRDatasetGrid.png, id=437, 778.91pt x 778.91pt>
File: figures/AGRDatasetGrid.png Graphic file (type png)
<use figures/AGRDatasetGrid.png>
Package pdftex.def Info: figures/AGRDatasetGrid.png  used on input line 463.
(pdftex.def)             Requested size: 181.18439pt x 181.1779pt.
 [7 <./figures/AGRPoseKalman.png> <./figures/AGRDatasetGrid.png (PNG copy)>]
<figures/intro_object_detection.png, id=447, 642.4pt x 642.4pt>
File: figures/intro_object_detection.png Graphic file (type png)
<use figures/intro_object_detection.png>
Package pdftex.def Info: figures/intro_object_detection.png  used on input line 481.
(pdftex.def)             Requested size: 135.89174pt x 135.8882pt.
<figures/one-stage_two-stage_OD.png, id=473, 1127.21124pt x 543.02875pt>
File: figures/one-stage_two-stage_OD.png Graphic file (type png)
<use figures/one-stage_two-stage_OD.png>
Package pdftex.def Info: figures/one-stage_two-stage_OD.png  used on input line 507.
(pdftex.def)             Requested size: 362.37569pt x 174.56819pt.
 [8 <./figures/intro_object_detection.png> <./figures/one-stage_two-stage_OD.png>]
<figures/iou.png, id=504, 1610.015pt x 545.03625pt>
File: figures/iou.png Graphic file (type png)
<use figures/iou.png>
Package pdftex.def Info: figures/iou.png  used on input line 518.
(pdftex.def)             Requested size: 362.37569pt x 122.66945pt.
 [9 <./figures/iou.png>] [10]
<figures/lstm-rnn-gru.png, id=549, 615.29875pt x 247.92625pt>
File: figures/lstm-rnn-gru.png Graphic file (type png)
<use figures/lstm-rnn-gru.png>
Package pdftex.def Info: figures/lstm-rnn-gru.png  used on input line 611.
(pdftex.def)             Requested size: 271.7835pt x 109.51158pt.
 [11 <./figures/lstm-rnn-gru.png>]
<figures/CubicLSTM.png, id=565, 890.32625pt x 391.4625pt>
File: figures/CubicLSTM.png Graphic file (type png)
<use figures/CubicLSTM.png>
Package pdftex.def Info: figures/CubicLSTM.png  used on input line 665.
(pdftex.def)             Requested size: 452.9679pt x 199.16536pt.
 [12 <./figures/CubicLSTM.png>]
<figures/Unsupervised-Video-Forecasting.png, id=574, 653.44125pt x 375.4025pt>
File: figures/Unsupervised-Video-Forecasting.png Graphic file (type png)
<use figures/Unsupervised-Video-Forecasting.png>
Package pdftex.def Info: figures/Unsupervised-Video-Forecasting.png  used on input line 680.
(pdftex.def)             Requested size: 452.9679pt x 260.23091pt.
<figures/FPNet-OF.png, id=578, 961.5925pt x 631.35875pt>
File: figures/FPNet-OF.png Graphic file (type png)
<use figures/FPNet-OF.png>
Package pdftex.def Info: figures/FPNet-OF.png  used on input line 697.
(pdftex.def)             Requested size: 362.37569pt x 237.92462pt.
 [13 <./figures/Unsupervised-Video-Forecasting.png>]
<figures/FusionGRU.png, id=587, 833.1125pt x 269.005pt>
File: figures/FusionGRU.png Graphic file (type png)
<use figures/FusionGRU.png>
Package pdftex.def Info: figures/FusionGRU.png  used on input line 714.
(pdftex.def)             Requested size: 452.9679pt x 146.26207pt.
 [14 <./figures/FPNet-OF.png> <./figures/FusionGRU.png>]
<figures/dual-branch-architecture.png, id=597, 893.3375pt x 388.45125pt>
File: figures/dual-branch-architecture.png Graphic file (type png)
<use figures/dual-branch-architecture.png>
Package pdftex.def Info: figures/dual-branch-architecture.png  used on input line 737.
(pdftex.def)             Requested size: 317.07614pt x 137.87448pt.
<figures/dual-branch-inter-intra-frames.png, id=600, 436.63126pt x 366.36874pt>
File: figures/dual-branch-inter-intra-frames.png Graphic file (type png)
<use figures/dual-branch-inter-intra-frames.png>
Package pdftex.def Info: figures/dual-branch-inter-intra-frames.png  used on input line 743.
(pdftex.def)             Requested size: 226.48395pt x 190.03766pt.
 [15 <./figures/dual-branch-architecture.png> <./figures/dual-branch-inter-intra-frames.png>]
<figures/2-digit-Moving-MNIST-data-Fig-5-3-digit-Moving-MNIST-data.jpeg, id=611, 853.1875pt x 971.63pt>
File: figures/2-digit-Moving-MNIST-data-Fig-5-3-digit-Moving-MNIST-data.jpeg Graphic file (type jpg)
<use figures/2-digit-Moving-MNIST-data-Fig-5-3-digit-Moving-MNIST-data.jpeg>
Package pdftex.def Info: figures/2-digit-Moving-MNIST-data-Fig-5-3-digit-Moving-MNIST-data.jpeg  used on input line 764.
(pdftex.def)             Requested size: 135.89174pt x 154.75233pt.
<figures/robotpush.png, id=616, 1117.17375pt x 240.9pt>
File: figures/robotpush.png Graphic file (type png)
<use figures/robotpush.png>
Package pdftex.def Info: figures/robotpush.png  used on input line 782.
(pdftex.def)             Requested size: 226.48395pt x 48.83711pt.
<figures/KTH-dataset.png, id=621, 853.1875pt x 460.72125pt>
File: figures/KTH-dataset.png Graphic file (type png)
<use figures/KTH-dataset.png>
Package pdftex.def Info: figures/KTH-dataset.png  used on input line 798.
(pdftex.def)             Requested size: 226.48395pt x 122.30144pt.
 [16 <./figures/2-digit-Moving-MNIST-data-Fig-5-3-digit-Moving-MNIST-data.jpeg> <./figures/robotpush.png>]
<figures/ucf-sport-dataset.png, id=632, 853.1875pt x 341.275pt>
File: figures/ucf-sport-dataset.png Graphic file (type png)
<use figures/ucf-sport-dataset.png>
Package pdftex.def Info: figures/ucf-sport-dataset.png  used on input line 817.
(pdftex.def)             Requested size: 271.7835pt x 108.71552pt.
 [17 <./figures/KTH-dataset.png> <./figures/ucf-sport-dataset.png>]
Chapter 3.
<figures/depth-camera-d435_details.jpg, id=643, 1405.25pt x 726.715pt>
File: figures/depth-camera-d435_details.jpg Graphic file (type jpg)
<use figures/depth-camera-d435_details.jpg>
Package pdftex.def Info: figures/depth-camera-d435_details.jpg  used on input line 846.
(pdftex.def)             Requested size: 317.07614pt x 163.96954pt.
[18

 <./figures/depth-camera-d435_details.jpg>] [19] [20]
<figures/grid_closed_images.png, id=664, 1935.23pt x 1453.43pt>
File: figures/grid_closed_images.png Graphic file (type png)
<use figures/grid_closed_images.png>
Package pdftex.def Info: figures/grid_closed_images.png  used on input line 985.
(pdftex.def)             Requested size: 203.83417pt x 153.06929pt.
 [21]
<figures/grid_open_images.png, id=672, 1935.23pt x 1453.43pt>
File: figures/grid_open_images.png Graphic file (type png)
<use figures/grid_open_images.png>
Package pdftex.def Info: figures/grid_open_images.png  used on input line 991.
(pdftex.def)             Requested size: 203.83417pt x 153.06929pt.
<figures/grid_semiopen_images.png, id=673, 1935.23pt x 1453.43pt>
File: figures/grid_semiopen_images.png Graphic file (type png)
<use figures/grid_semiopen_images.png>
Package pdftex.def Info: figures/grid_semiopen_images.png  used on input line 997.
(pdftex.def)             Requested size: 203.83417pt x 153.06929pt.
<figures/bbox_metrics/test_indoor1 (Raw Data)_central_position.png, id=674, 867.24pt x 433.62pt>
File: figures/bbox_metrics/test_indoor1 (Raw Data)_central_position.png Graphic file (type png)
<use figures/bbox_metrics/test_indoor1 (Raw Data)_central_position.png>
Package pdftex.def Info: figures/bbox_metrics/test_indoor1 (Raw Data)_central_position.png  used on input line 1005.
(pdftex.def)             Requested size: 271.7835pt x 135.88966pt.
<figures/bbox_metrics/test_indoor1 (Raw Data)_velocity.png, id=675, 867.24pt x 433.62pt>
File: figures/bbox_metrics/test_indoor1 (Raw Data)_velocity.png Graphic file (type png)
<use figures/bbox_metrics/test_indoor1 (Raw Data)_velocity.png>
Package pdftex.def Info: figures/bbox_metrics/test_indoor1 (Raw Data)_velocity.png  used on input line 1011.
(pdftex.def)             Requested size: 271.7835pt x 135.88966pt.
<figures/bbox_metrics/test_indoor1 (Raw Data)_acceleration.png, id=676, 867.24pt x 433.62pt>
File: figures/bbox_metrics/test_indoor1 (Raw Data)_acceleration.png Graphic file (type png)
<use figures/bbox_metrics/test_indoor1 (Raw Data)_acceleration.png>
Package pdftex.def Info: figures/bbox_metrics/test_indoor1 (Raw Data)_acceleration.png  used on input line 1017.
(pdftex.def)             Requested size: 271.7835pt x 135.88966pt.
<figures/bbox_metrics/test_indoor1 (Raw Data)_area.png, id=677, 867.24pt x 433.62pt>
File: figures/bbox_metrics/test_indoor1 (Raw Data)_area.png Graphic file (type png)
<use figures/bbox_metrics/test_indoor1 (Raw Data)_area.png>
Package pdftex.def Info: figures/bbox_metrics/test_indoor1 (Raw Data)_area.png  used on input line 1023.
(pdftex.def)             Requested size: 271.7835pt x 135.88966pt.
 [22 <./figures/grid_closed_images.png (PNG copy)> <./figures/grid_open_images.png (PNG copy)> <./figures/grid_semiopen_images.png (PNG copy)>]
Overfull \vbox (14.70174pt too high) has occurred while \output is active []

 [23 <./figures/bbox_metrics/test_indoor1 (Raw Data)_central_position.png> <./figures/bbox_metrics/test_indoor1 (Raw Data)_velocity.png> <./figures/bbox_metrics/test_indoor1 (Raw Data)_acceleration.png> <./figures/bbox_metrics/test_indoor1 (Raw Data)_area.png>]
<figures/bbox_metrics/test_indoor1 (Savgol Filter)_central_position.png, id=691, 867.24pt x 433.62pt>
File: figures/bbox_metrics/test_indoor1 (Savgol Filter)_central_position.png Graphic file (type png)
<use figures/bbox_metrics/test_indoor1 (Savgol Filter)_central_position.png>
Package pdftex.def Info: figures/bbox_metrics/test_indoor1 (Savgol Filter)_central_position.png  used on input line 1034.
(pdftex.def)             Requested size: 271.7835pt x 135.88966pt.
<figures/bbox_metrics/test_indoor1 (Savgol Filter)_velocity.png, id=692, 867.24pt x 433.62pt>
File: figures/bbox_metrics/test_indoor1 (Savgol Filter)_velocity.png Graphic file (type png)
<use figures/bbox_metrics/test_indoor1 (Savgol Filter)_velocity.png>
Package pdftex.def Info: figures/bbox_metrics/test_indoor1 (Savgol Filter)_velocity.png  used on input line 1040.
(pdftex.def)             Requested size: 271.7835pt x 135.88966pt.
<figures/bbox_metrics/test_indoor1 (Savgol Filter)_acceleration.png, id=693, 867.24pt x 433.62pt>
File: figures/bbox_metrics/test_indoor1 (Savgol Filter)_acceleration.png Graphic file (type png)
<use figures/bbox_metrics/test_indoor1 (Savgol Filter)_acceleration.png>
Package pdftex.def Info: figures/bbox_metrics/test_indoor1 (Savgol Filter)_acceleration.png  used on input line 1046.
(pdftex.def)             Requested size: 271.7835pt x 135.88966pt.
<figures/bbox_metrics/test_indoor1 (Savgol Filter)_area.png, id=694, 867.24pt x 433.62pt>
File: figures/bbox_metrics/test_indoor1 (Savgol Filter)_area.png Graphic file (type png)
<use figures/bbox_metrics/test_indoor1 (Savgol Filter)_area.png>
Package pdftex.def Info: figures/bbox_metrics/test_indoor1 (Savgol Filter)_area.png  used on input line 1052.
(pdftex.def)             Requested size: 271.7835pt x 135.88966pt.
<figures/bbox_metrics/test_outdoor1 (Raw Data)_central_position.png, id=695, 867.24pt x 433.62pt>
File: figures/bbox_metrics/test_outdoor1 (Raw Data)_central_position.png Graphic file (type png)
<use figures/bbox_metrics/test_outdoor1 (Raw Data)_central_position.png>
Package pdftex.def Info: figures/bbox_metrics/test_outdoor1 (Raw Data)_central_position.png  used on input line 1063.
(pdftex.def)             Requested size: 271.7835pt x 135.88966pt.
<figures/bbox_metrics/test_outdoor1 (Raw Data)_velocity.png, id=696, 867.24pt x 433.62pt>
File: figures/bbox_metrics/test_outdoor1 (Raw Data)_velocity.png Graphic file (type png)
<use figures/bbox_metrics/test_outdoor1 (Raw Data)_velocity.png>
Package pdftex.def Info: figures/bbox_metrics/test_outdoor1 (Raw Data)_velocity.png  used on input line 1069.
(pdftex.def)             Requested size: 271.7835pt x 135.88966pt.
<figures/bbox_metrics/test_outdoor1 (Raw Data)_acceleration.png, id=697, 867.24pt x 433.62pt>
File: figures/bbox_metrics/test_outdoor1 (Raw Data)_acceleration.png Graphic file (type png)
<use figures/bbox_metrics/test_outdoor1 (Raw Data)_acceleration.png>
Package pdftex.def Info: figures/bbox_metrics/test_outdoor1 (Raw Data)_acceleration.png  used on input line 1075.
(pdftex.def)             Requested size: 271.7835pt x 135.88966pt.
<figures/bbox_metrics/test_outdoor1 (Raw Data)_area.png, id=698, 867.24pt x 433.62pt>
File: figures/bbox_metrics/test_outdoor1 (Raw Data)_area.png Graphic file (type png)
<use figures/bbox_metrics/test_outdoor1 (Raw Data)_area.png>
Package pdftex.def Info: figures/bbox_metrics/test_outdoor1 (Raw Data)_area.png  used on input line 1081.
(pdftex.def)             Requested size: 271.7835pt x 135.88966pt.
 [24 <./figures/bbox_metrics/test_indoor1 (Savgol Filter)_central_position.png> <./figures/bbox_metrics/test_indoor1 (Savgol Filter)_velocity.png> <./figures/bbox_metrics/test_indoor1 (Savgol Filter)_acceleration.png> <./figures/bbox_metrics/test_indoor1 (Savgol Filter)_area.png>]
<figures/bbox_metrics/test_outdoor1 (Savgol Filter)_central_position.png, id=707, 867.24pt x 433.62pt>
File: figures/bbox_metrics/test_outdoor1 (Savgol Filter)_central_position.png Graphic file (type png)
<use figures/bbox_metrics/test_outdoor1 (Savgol Filter)_central_position.png>
Package pdftex.def Info: figures/bbox_metrics/test_outdoor1 (Savgol Filter)_central_position.png  used on input line 1092.
(pdftex.def)             Requested size: 271.7835pt x 135.88966pt.
<figures/bbox_metrics/test_outdoor1 (Savgol Filter)_velocity.png, id=708, 867.24pt x 433.62pt>
File: figures/bbox_metrics/test_outdoor1 (Savgol Filter)_velocity.png Graphic file (type png)
<use figures/bbox_metrics/test_outdoor1 (Savgol Filter)_velocity.png>
Package pdftex.def Info: figures/bbox_metrics/test_outdoor1 (Savgol Filter)_velocity.png  used on input line 1098.
(pdftex.def)             Requested size: 271.7835pt x 135.88966pt.
<figures/bbox_metrics/test_outdoor1 (Savgol Filter)_acceleration.png, id=709, 867.24pt x 433.62pt>
File: figures/bbox_metrics/test_outdoor1 (Savgol Filter)_acceleration.png Graphic file (type png)
<use figures/bbox_metrics/test_outdoor1 (Savgol Filter)_acceleration.png>
Package pdftex.def Info: figures/bbox_metrics/test_outdoor1 (Savgol Filter)_acceleration.png  used on input line 1104.
(pdftex.def)             Requested size: 271.7835pt x 135.88966pt.
<figures/bbox_metrics/test_outdoor1 (Savgol Filter)_area.png, id=710, 867.24pt x 433.62pt>
File: figures/bbox_metrics/test_outdoor1 (Savgol Filter)_area.png Graphic file (type png)
<use figures/bbox_metrics/test_outdoor1 (Savgol Filter)_area.png>
Package pdftex.def Info: figures/bbox_metrics/test_outdoor1 (Savgol Filter)_area.png  used on input line 1110.
(pdftex.def)             Requested size: 271.7835pt x 135.88966pt.
 [25 <./figures/bbox_metrics/test_outdoor1 (Raw Data)_central_position.png> <./figures/bbox_metrics/test_outdoor1 (Raw Data)_velocity.png> <./figures/bbox_metrics/test_outdoor1 (Raw Data)_acceleration.png> <./figures/bbox_metrics/test_outdoor1 (Raw Data)_area.png>]
<figures/bbox_metrics/video_lab_platform_6 (Raw Data)_central_position.png, id=719, 867.24pt x 433.62pt>
File: figures/bbox_metrics/video_lab_platform_6 (Raw Data)_central_position.png Graphic file (type png)
<use figures/bbox_metrics/video_lab_platform_6 (Raw Data)_central_position.png>
Package pdftex.def Info: figures/bbox_metrics/video_lab_platform_6 (Raw Data)_central_position.png  used on input line 1121.
(pdftex.def)             Requested size: 271.7835pt x 135.88966pt.
<figures/bbox_metrics/video_lab_platform_6 (Raw Data)_velocity.png, id=720, 867.24pt x 433.62pt>
File: figures/bbox_metrics/video_lab_platform_6 (Raw Data)_velocity.png Graphic file (type png)
<use figures/bbox_metrics/video_lab_platform_6 (Raw Data)_velocity.png>
Package pdftex.def Info: figures/bbox_metrics/video_lab_platform_6 (Raw Data)_velocity.png  used on input line 1127.
(pdftex.def)             Requested size: 271.7835pt x 135.88966pt.
<figures/bbox_metrics/video_lab_platform_6 (Raw Data)_acceleration.png, id=721, 867.24pt x 433.62pt>
File: figures/bbox_metrics/video_lab_platform_6 (Raw Data)_acceleration.png Graphic file (type png)
<use figures/bbox_metrics/video_lab_platform_6 (Raw Data)_acceleration.png>
Package pdftex.def Info: figures/bbox_metrics/video_lab_platform_6 (Raw Data)_acceleration.png  used on input line 1133.
(pdftex.def)             Requested size: 271.7835pt x 135.88966pt.
<figures/bbox_metrics/video_lab_platform_6 (Raw Data)_area.png, id=722, 867.24pt x 433.62pt>
File: figures/bbox_metrics/video_lab_platform_6 (Raw Data)_area.png Graphic file (type png)
<use figures/bbox_metrics/video_lab_platform_6 (Raw Data)_area.png>
Package pdftex.def Info: figures/bbox_metrics/video_lab_platform_6 (Raw Data)_area.png  used on input line 1139.
(pdftex.def)             Requested size: 271.7835pt x 135.88966pt.

Underfull \hbox (badness 4060) in paragraph at lines 1143--1143
[]\OT1/ptm/m/n/12 Figure 3.9: |Tem-po-ral anal-y-sis of dif-fer-ent met-rics for the re-fu-el-ing port in the
 []

[26 <./figures/bbox_metrics/test_outdoor1 (Savgol Filter)_central_position.png> <./figures/bbox_metrics/test_outdoor1 (Savgol Filter)_velocity.png> <./figures/bbox_metrics/test_outdoor1 (Savgol Filter)_acceleration.png> <./figures/bbox_metrics/test_outdoor1 (Savgol Filter)_area.png>]
<figures/bbox_metrics/video_lab_platform_6 (Savgol Filter)_central_position.png, id=731, 867.24pt x 433.62pt>
File: figures/bbox_metrics/video_lab_platform_6 (Savgol Filter)_central_position.png Graphic file (type png)
<use figures/bbox_metrics/video_lab_platform_6 (Savgol Filter)_central_position.png>
Package pdftex.def Info: figures/bbox_metrics/video_lab_platform_6 (Savgol Filter)_central_position.png  used on input line 1150.
(pdftex.def)             Requested size: 271.7835pt x 135.88966pt.
<figures/bbox_metrics/video_lab_platform_6 (Savgol Filter)_velocity.png, id=732, 867.24pt x 433.62pt>
File: figures/bbox_metrics/video_lab_platform_6 (Savgol Filter)_velocity.png Graphic file (type png)
<use figures/bbox_metrics/video_lab_platform_6 (Savgol Filter)_velocity.png>
Package pdftex.def Info: figures/bbox_metrics/video_lab_platform_6 (Savgol Filter)_velocity.png  used on input line 1156.
(pdftex.def)             Requested size: 271.7835pt x 135.88966pt.
<figures/bbox_metrics/video_lab_platform_6 (Savgol Filter)_acceleration.png, id=733, 867.24pt x 433.62pt>
File: figures/bbox_metrics/video_lab_platform_6 (Savgol Filter)_acceleration.png Graphic file (type png)
<use figures/bbox_metrics/video_lab_platform_6 (Savgol Filter)_acceleration.png>
Package pdftex.def Info: figures/bbox_metrics/video_lab_platform_6 (Savgol Filter)_acceleration.png  used on input line 1162.
(pdftex.def)             Requested size: 271.7835pt x 135.88966pt.
<figures/bbox_metrics/video_lab_platform_6 (Savgol Filter)_area.png, id=734, 867.24pt x 433.62pt>
File: figures/bbox_metrics/video_lab_platform_6 (Savgol Filter)_area.png Graphic file (type png)
<use figures/bbox_metrics/video_lab_platform_6 (Savgol Filter)_area.png>
Package pdftex.def Info: figures/bbox_metrics/video_lab_platform_6 (Savgol Filter)_area.png  used on input line 1168.
(pdftex.def)             Requested size: 271.7835pt x 135.88966pt.

Underfull \hbox (badness 3219) in paragraph at lines 1172--1172
[]\OT1/ptm/m/n/12 Figure 3.10: |Tem-po-ral anal-y-sis of dif-fer-ent met-rics for the re-fu-el-ing port in the
 []

[27 <./figures/bbox_metrics/video_lab_platform_6 (Raw Data)_central_position.png> <./figures/bbox_metrics/video_lab_platform_6 (Raw Data)_velocity.png> <./figures/bbox_metrics/video_lab_platform_6 (Raw Data)_acceleration.png> <./figures/bbox_metrics/video_lab_platform_6 (Raw Data)_area.png>] [28 <./figures/bbox_metrics/video_lab_platform_6 (Savgol Filter)_central_position.png> <./figures/bbox_metrics/video_lab_platform_6 (Savgol Filter)_velocity.png> <./figures/bbox_metrics/video_lab_platform_6 (Savgol Filter)_acceleration.png> <./figures/bbox_metrics/video_lab_platform_6 (Savgol Filter)_area.png>]

pdfTeX warning: pdflatex (file ./figures/FrameworkWorkflow.drawio.pdf): PDF inclusion: found PDF version <1.7>, but at most version <1.5> allowed
<figures/FrameworkWorkflow.drawio.pdf, id=753, 582.25531pt x 657.41606pt>
File: figures/FrameworkWorkflow.drawio.pdf Graphic file (type pdf)
<use figures/FrameworkWorkflow.drawio.pdf>
Package pdftex.def Info: figures/FrameworkWorkflow.drawio.pdf  used on input line 1217.
(pdftex.def)             Requested size: 317.07614pt x 357.99876pt.
[29]

pdfTeX warning: pdflatex (file ./figures/GRUSizPos.drawio.pdf): PDF inclusion: found PDF version <1.7>, but at most version <1.5> allowed
<figures/GRUSizPos.drawio.pdf, id=762, 679.57887pt x 220.9053pt>
File: figures/GRUSizPos.drawio.pdf Graphic file (type pdf)
<use figures/GRUSizPos.drawio.pdf>
Package pdftex.def Info: figures/GRUSizPos.drawio.pdf  used on input line 1241.
(pdftex.def)             Requested size: 452.9679pt x 147.24399pt.
[30 <./figures/FrameworkWorkflow.drawio.pdf>]
Overfull \hbox (6.52707pt too wide) in paragraph at lines 1268--1270
\OT1/ptm/m/n/12 Here, $\OT1/ztmcm/m/n/12 (\OML/ztmcm/m/it/12 x[]; y[]\OT1/ztmcm/m/n/12 )$ \OT1/ptm/m/n/12 rep-re-sents the cen-ter co-or-di-nates at time $\OML/ztmcm/m/it/12 t$\OT1/ptm/m/n/12 , $\OT1/ztmcm/m/n/12 (\OML/ztmcm/m/it/12 v[]; v[]\OT1/ztmcm/m/n/12 )$ \OT1/ptm/m/n/12 are the ve-loc-i-ties, and $\OT1/ztmcm/m/n/12 (\OML/ztmcm/m/it/12 a[]; a[]\OT1/ztmcm/m/n/12 )$
 []

[31 <./figures/GRUSizPos.drawio.pdf>] [32] [33] [34]
Overfull \hbox (232.42397pt too wide) detected at line 1494
[][][][] \OT1/ztmcm/m/n/12 = [] [] [] []
 []

[35] [36]
Chapter 4.
[37

]
Overfull \hbox (1.86066pt too wide) in paragraph at lines 1619--1622
[]\OT1/ptm/m/n/12 The Fi-nal In-ter-sec-tion over Union (FIOU) as-sesses the over-lap be-tween the pre-dicted bound-
 []

[38]
Chapter 5.

Overfull \hbox (0.1003pt too wide) in paragraph at lines 1637--1640
\OT1/ptm/m/n/12 yolov10s.pt, yolov10m.pt) on a dataset in-volv-ing the clas-si-fi-ca-tion of fuel port states (CLOSED,
 []


Overfull \hbox (32.17229pt too wide) in paragraph at lines 1671--1677
[]\OT1/ptm/m/n/12 Each model demon-strates strengths in dif-fer-ent as-pects of per-for-mance met-rics. The YOLOv10s.pt
 []

[39

] [40]
Chapter 6.
(./425500_Thesis_Report.bbl [41

]
Underfull \hbox (badness 5022) in paragraph at lines 15--19
[]\OT1/ptm/m/n/12 A. F. C. A. C. A. . M. C. (AvMC).  Ar3p pro-gram back-ground (2017-
 []


Underfull \hbox (badness 4217) in paragraph at lines 15--19
\OT1/ptm/m/n/12 2019) and robotic hot re-fu-el-ing demon-stra-tions (sep-oct 2020), 2020.  URL
 []


Underfull \hbox (badness 10000) in paragraph at lines 15--19
[][]$\OT1/cmtt/m/n/12 hhttps : / / www . denix . osd . mil / ndcee / denix -[] files / sites / 44 / 2023 / 09 / EXSUM -[]
 []


Underfull \hbox (badness 3668) in paragraph at lines 15--19
\OT1/cmtt/m/n/12 AR3P -[] Robotic -[] Refueling -[] K -[] MAX -[] and -[] S -[] 70 -[] Sep _ Oct -[] 2020 -[] v9 . pdf$[][]\OT1/ptm/m/n/12 .  Ac-cessed:
 []


Underfull \hbox (badness 1603) in paragraph at lines 39--43
[]\OT1/ptm/m/n/12 H. Bur-nette.  Lab demon-strates robotic ground re-fu-el-ing of air-craft, Oct. 2010.
 []

[42

]
Underfull \hbox (badness 1077) in paragraph at lines 87--92
\OT1/ptm/m/n/12 8270, 2019.  URL [][]$\OT1/cmtt/m/n/12 https : / / www . scopus . com / inward / record . uri ? eid = 2 -[] s2 . 0 -[]
 []


Underfull \hbox (badness 2302) in paragraph at lines 137--143
\OT1/ptm/m/n/12 pre-dic-tion.  \OT1/ptm/m/it/12 IEEE Ac-cess\OT1/ptm/m/n/12 , 12:73258 { 73267, 2024.  doi: $10 . 1109 / ACCESS .
 []


Underfull \hbox (badness 10000) in paragraph at lines 137--143
\OT1/ptm/m/n/12 2024 . 3394209$.  URL [][]$\OT1/cmtt/m/n/12 https : / / www . scopus . com / inward / record . uri ? eid = 2 -[]
 []


Underfull \hbox (badness 10000) in paragraph at lines 137--143
\OT1/cmtt/m/n/12 s2 . 0 -[] 85191878045 & doi = 10 . 1109 % 2fACCESS . 2024 . 3394209 & partnerID = 40 & md5 =
 []

[43]
Underfull \hbox (badness 10000) in paragraph at lines 243--249
\OT1/cmtt/m/n/12 www . scopus . com / inward / record . uri ? eid = 2 -[] s2 . 0 -[] 85152478811 & doi = 10 . 32604 %
 []


Underfull \hbox (badness 10000) in paragraph at lines 243--249
\OT1/cmtt/m/n/12 2fcmc . 2023 . 026086 & partnerID = 40 & md5 = 3c3a7145b11a082102840f176198a13d$[][]\OT1/ptm/m/n/12 .
 []

[44] [45]) [46] (./425500_Thesis_Report.aux)

LaTeX Warning: There were multiply-defined labels.

Package rerunfilecheck Info: File `425500_Thesis_Report.out' has not changed.
(rerunfilecheck)             Checksum: BB1A689BCE2629058A79F7DA06782ABC;1714.
 ) 
Here is how much of TeX's memory you used:
 24402 strings out of 476025
 476032 string characters out of 5790016
 1874388 words of memory out of 5000000
 44146 multiletter control sequences out of 15000+600000
 552903 words of font info for 118 fonts, out of 8000000 for 9000
 1141 hyphenation exceptions out of 8191
 90i,12n,117p,773b,1125s stack positions out of 10000i,1000n,20000p,200000b,200000s
</usr/local/texlive/2023/texmf-dist/fonts/type1/public/amsfonts/cm/cmex10.pfb></usr/local/texlive/2023/texmf-dist/fonts/type1/public/amsfonts/cm/cmmi10.pfb></usr/local/texlive/2023/texmf-dist/fonts/type1/public/amsfonts/cm/cmr10.pfb></usr/local/texlive/2023/texmf-dist/fonts/type1/public/amsfonts/cm/cmsy10.pfb></usr/local/texlive/2023/texmf-dist/fonts/type1/public/amsfonts/cm/cmtt12.pfb></usr/local/texlive/2023/texmf-dist/fonts/type1/urw/symbol/usyr.pfb></usr/local/texlive/2023/texmf-dist/fonts/type1/urw/symbol/usyr.pfb></usr/local/texlive/2023/texmf-dist/fonts/type1/urw/times/utmb8a.pfb></usr/local/texlive/2023/texmf-dist/fonts/type1/urw/times/utmr8a.pfb></usr/local/texlive/2023/texmf-dist/fonts/type1/urw/times/utmri8a.pfb>
Output written on 425500_Thesis_Report.pdf (55 pages, 24153131 bytes).
PDF statistics:
 1053 PDF objects out of 1200 (max. 8388607)
 838 compressed objects within 9 object streams
 253 named destinations out of 1000 (max. 500000)
 387 words of extra memory for PDF output out of 10000 (max. 10000000)

